<?xml version="1.0" encoding="UTF-8"?>
<!-- Generated by org.testng.reporters.JUnitReportReporter -->
<testsuite skipped="0" hostname="LAPTOP-UK7PKGHG" name="pOMDemo.Verifyloginpage" tests="2" failures="0" timestamp="21 Mar 2020 06:44:13 GMT" time="51.924" errors="0">
  <testcase name="verifylogin" time="25.285" classname="pOMDemo.Verifyloginpage"/>
  <testcase name="verifyloginagain" time="26.639" classname="pOMDemo.Verifyloginpage"/>
</testsuite> <!-- pOMDemo.Verifyloginpage -->
