<?xml version="1.0" encoding="UTF-8"?>
<!-- Generated by org.testng.reporters.JUnitReportReporter -->
<testsuite skipped="0" hostname="LAPTOP-UK7PKGHG" name="janTestng.TestNGOne3" tests="3" failures="0" timestamp="15 Mar 2020 04:52:39 GMT" time="0.021" errors="0">
  <testcase name="z" time="0.017" classname="janTestng.TestNGOne3"/>
  <testcase name="y" time="0.003" classname="janTestng.TestNGOne3"/>
  <testcase name="x" time="0.001" classname="janTestng.TestNGOne3"/>
</testsuite> <!-- janTestng.TestNGOne3 -->
