<?xml version="1.0" encoding="UTF-8"?>
<!-- Generated by org.testng.reporters.JUnitReportReporter -->
<testsuite skipped="0" hostname="LAPTOP-UK7PKGHG" name="janTestng.JavaScriptExecutor" tests="1" failures="0" timestamp="15 Mar 2020 06:47:06 GMT" time="21.387" errors="0">
  <testcase name="logintc" time="21.387" classname="janTestng.JavaScriptExecutor"/>
</testsuite> <!-- janTestng.JavaScriptExecutor -->
