<?xml version="1.0" encoding="UTF-8"?>
<!-- Generated by org.testng.reporters.JUnitReportReporter -->
<testsuite skipped="0" hostname="LAPTOP-UK7PKGHG" name="testNG.day1" tests="4" failures="0" timestamp="14 Mar 2020 13:01:08 GMT" time="64.364" errors="0">
  <testcase name="executSessionOne" time="64.350" classname="testNG.day1"/>
  <testcase name="secondtest" time="0.004" classname="testNG.day1"/>
  <testcase name="third" time="0.002" classname="testNG.day1"/>
  <testcase name="demo" time="0.008" classname="testNG.day1"/>
</testsuite> <!-- testNG.day1 -->
