<?xml version="1.0" encoding="UTF-8"?>
<!-- Generated by org.testng.reporters.JUnitReportReporter -->
<testsuite skipped="0" hostname="LAPTOP-UK7PKGHG" name="janTestng.TestNGNoPri" tests="3" failures="0" timestamp="15 Mar 2020 04:56:07 GMT" time="0.025" errors="0">
  <testcase name="x" time="0.018" classname="janTestng.TestNGNoPri"/>
  <testcase name="y" time="0.003" classname="janTestng.TestNGNoPri"/>
  <testcase name="z" time="0.004" classname="janTestng.TestNGNoPri"/>
</testsuite> <!-- janTestng.TestNGNoPri -->
