<?xml version="1.0" encoding="UTF-8"?>
<!-- Generated by org.testng.reporters.JUnitReportReporter -->
<testsuite skipped="0" hostname="LAPTOP-UK7PKGHG" name="testNG.Multiply" tests="1" failures="0" timestamp="14 Mar 2020 17:12:54 GMT" time="0.005" errors="0">
  <testcase name="add" time="0.005" classname="testNG.Multiply"/>
</testsuite> <!-- testNG.Multiply -->
