<?xml version="1.0" encoding="UTF-8"?>
<!-- Generated by org.testng.reporters.JUnitReportReporter -->
<testsuite hostname="LAPTOP-UK7PKGHG" name="testNG.Include" tests="4" failures="0" timestamp="14 Mar 2020 10:05:15 GMT" time="0.020" errors="0">
  <testcase name="drive" time="0.001" classname="testNG.Include"/>
  <testcase name="bike" time="0.002" classname="testNG.Include"/>
  <testcase name="auto" time="0.015" classname="testNG.Include"/>
  <testcase name="car" time="0.002" classname="testNG.Include"/>
</testsuite>
