<?xml version="1.0" encoding="UTF-8"?>
<!-- Generated by org.testng.reporters.JUnitReportReporter -->
<testsuite skipped="1" hostname="LAPTOP-UK7PKGHG" name="janTestng.TestNGSkipTc2" tests="3" failures="0" timestamp="15 Mar 2020 05:49:02 GMT" time="0.029" errors="0">
  <testcase name="z" time="0.002" classname="janTestng.TestNGSkipTc2"/>
  <testcase name="y" time="0.003" classname="janTestng.TestNGSkipTc2"/>
  <testcase name="x" time="0.024" classname="janTestng.TestNGSkipTc2">
    <skipped/>
  </testcase> <!-- x -->
</testsuite> <!-- janTestng.TestNGSkipTc2 -->
