<?xml version="1.0" encoding="UTF-8"?>
<!-- Generated by org.testng.reporters.JUnitReportReporter -->
<testsuite skipped="0" hostname="LAPTOP-UK7PKGHG" name="janTestng.TestNGSamePri" tests="3" failures="0" timestamp="15 Mar 2020 04:54:16 GMT" time="0.034" errors="0">
  <testcase name="y" time="0.022" classname="janTestng.TestNGSamePri"/>
  <testcase name="z" time="0.003" classname="janTestng.TestNGSamePri"/>
  <testcase name="x" time="0.009" classname="janTestng.TestNGSamePri"/>
</testsuite> <!-- janTestng.TestNGSamePri -->
