<?xml version="1.0" encoding="UTF-8"?>
<!-- Generated by org.testng.reporters.JUnitReportReporter -->
<testsuite skipped="0" hostname="LAPTOP-UK7PKGHG" name="janTestng.TestNGOne2" tests="3" failures="0" timestamp="21 Mar 2020 05:37:59 GMT" time="0.040" errors="0">
  <testcase name="y" time="0.005" classname="janTestng.TestNGOne2"/>
  <testcase name="x" time="0.032" classname="janTestng.TestNGOne2"/>
  <testcase name="z" time="0.003" classname="janTestng.TestNGOne2"/>
</testsuite> <!-- janTestng.TestNGOne2 -->
