<?xml version="1.0" encoding="UTF-8"?>
<!-- Generated by org.testng.reporters.JUnitReportReporter -->
<testsuite skipped="0" hostname="LAPTOP-UK7PKGHG" name="janTestng.TestNGOne" tests="3" failures="0" timestamp="15 Mar 2020 05:41:11 GMT" time="44.458" errors="0">
  <testcase name="TC02accoutnclose" time="20.950" classname="janTestng.TestNGOne"/>
  <testcase name="TC01Accountopen" time="23.502" classname="janTestng.TestNGOne"/>
  <testcase name="TC03depositemoney" time="0.006" classname="janTestng.TestNGOne"/>
</testsuite> <!-- janTestng.TestNGOne -->
