<?xml version="1.0" encoding="UTF-8"?>
<!-- Generated by org.testng.reporters.JUnitReportReporter -->
<testsuite skipped="0" hostname="LAPTOP-UK7PKGHG" name="testNG.Sum" tests="1" failures="0" timestamp="14 Mar 2020 17:12:54 GMT" time="0.007" errors="0">
  <testcase name="add" time="0.007" classname="testNG.Sum"/>
</testsuite> <!-- testNG.Sum -->
