<?xml version="1.0" encoding="UTF-8"?>
<!-- Generated by org.testng.reporters.JUnitReportReporter -->
<testsuite skipped="0" hostname="LAPTOP-UK7PKGHG" name="testNG.ParallelCheck" tests="3" failures="0" timestamp="14 Mar 2020 13:10:44 GMT" time="280.258" errors="0">
  <testcase name="executSessionThree" time="104.961" classname="testNG.ParallelCheck"/>
  <testcase name="executSessionOne" time="79.665" classname="testNG.ParallelCheck"/>
  <testcase name="executeSessionTwo" time="95.632" classname="testNG.ParallelCheck"/>
</testsuite> <!-- testNG.ParallelCheck -->
