<?xml version="1.0" encoding="UTF-8"?>
<!-- Generated by org.testng.reporters.JUnitReportReporter -->
<testsuite hostname="LAPTOP-UK7PKGHG" name="testNG.day3" tests="2" failures="0" timestamp="14 Mar 2020 10:52:49 GMT" time="0.002" errors="0">
  <testcase name="APILoginCarLoan" time="0.001" classname="testNG.day3"/>
  <testcase name="WebLoginCarLoan" time="0.001" classname="testNG.day3"/>
</testsuite>
