<?xml version="1.0" encoding="UTF-8"?>
<!-- Generated by org.testng.reporters.JUnitReportReporter -->
<testsuite skipped="0" hostname="LAPTOP-UK7PKGHG" name="pckForTestng.TestNGOne" tests="3" failures="0" timestamp="15 Mar 2020 06:27:31 GMT" time="0.009" errors="0">
  <testcase name="TC03depositemoney" time="0.004" classname="pckForTestng.TestNGOne"/>
  <testcase name="TC01Accountopen" time="0.002" classname="pckForTestng.TestNGOne"/>
  <testcase name="TC02accoutnclose" time="0.003" classname="pckForTestng.TestNGOne"/>
</testsuite> <!-- pckForTestng.TestNGOne -->
