<?xml version="1.0" encoding="UTF-8"?>
<!-- Generated by org.testng.reporters.JUnitReportReporter -->
<testsuite skipped="0" hostname="LAPTOP-UK7PKGHG" name="janTestng.TestNGDataProvider" tests="2" failures="0" timestamp="15 Mar 2020 06:34:34 GMT" time="0.022" errors="0">
  <testcase name="logintc" time="0.019" classname="janTestng.TestNGDataProvider"/>
  <testcase name="logintc" time="0.003" classname="janTestng.TestNGDataProvider"/>
</testsuite> <!-- janTestng.TestNGDataProvider -->
