<?xml version="1.0" encoding="UTF-8"?>
<!-- Generated by org.testng.reporters.JUnitReportReporter -->
<testsuite skipped="0" hostname="LAPTOP-UK7PKGHG" name="janTestng.TestNGNoPri3" tests="4" failures="0" timestamp="15 Mar 2020 05:03:09 GMT" time="0.027" errors="0">
  <testcase name="x" time="0.003" classname="janTestng.TestNGNoPri3"/>
  <testcase name="p" time="0.019" classname="janTestng.TestNGNoPri3"/>
  <testcase name="y" time="0.002" classname="janTestng.TestNGNoPri3"/>
  <testcase name="z" time="0.003" classname="janTestng.TestNGNoPri3"/>
</testsuite> <!-- janTestng.TestNGNoPri3 -->
