<?xml version="1.0" encoding="UTF-8"?>
<!-- Generated by org.testng.reporters.JUnitReportReporter -->
<testsuite skipped="0" hostname="LAPTOP-UK7PKGHG" name="janTestng.TestNGAnno" tests="2" failures="0" timestamp="15 Mar 2020 05:24:11 GMT" time="0.015" errors="0">
  <testcase name="TestCase1" time="0.009" classname="janTestng.TestNGAnno"/>
  <testcase name="TestCase2" time="0.006" classname="janTestng.TestNGAnno"/>
</testsuite> <!-- janTestng.TestNGAnno -->
