<?xml version="1.0" encoding="UTF-8"?>
<!-- Generated by org.testng.reporters.JUnitReportReporter -->
<testsuite skipped="0" hostname="LAPTOP-UK7PKGHG" name="janTestng.TestNGNoPri2" tests="3" failures="0" timestamp="15 Mar 2020 04:57:48 GMT" time="0.013" errors="0">
  <testcase name="y" time="0.011" classname="janTestng.TestNGNoPri2"/>
  <testcase name="z" time="0.001" classname="janTestng.TestNGNoPri2"/>
  <testcase name="x" time="0.001" classname="janTestng.TestNGNoPri2"/>
</testsuite> <!-- janTestng.TestNGNoPri2 -->
