<?xml version="1.0" encoding="UTF-8"?>
<!-- Generated by org.testng.reporters.JUnitReportReporter -->
<testsuite hostname="LAPTOP-UK7PKGHG" name="janJenkinsDemo.JanJenkinTc" tests="2" failures="0" timestamp="21 Mar 2020 07:55:13 GMT" time="0.025" errors="0">
  <testcase name="jenkinTc01" time="0.025" classname="janJenkinsDemo.JanJenkinTc"/>
  <testcase name="jenkinTc02" time="0.000" classname="janJenkinsDemo.JanJenkinTc"/>
</testsuite>
