<?xml version="1.0" encoding="UTF-8"?>
<!-- Generated by org.testng.reporters.JUnitReportReporter -->
<testsuite skipped="0" hostname="LAPTOP-UK7PKGHG" name="janTestng.TestNGNoPriAbhishek" tests="3" failures="0" timestamp="15 Mar 2020 05:13:57 GMT" time="0.019" errors="0">
  <testcase name="x2" time="0.013" classname="janTestng.TestNGNoPriAbhishek"/>
  <testcase name="x3" time="0.003" classname="janTestng.TestNGNoPriAbhishek"/>
  <testcase name="x1" time="0.003" classname="janTestng.TestNGNoPriAbhishek"/>
</testsuite> <!-- janTestng.TestNGNoPriAbhishek -->
