<?xml version="1.0" encoding="UTF-8"?>
<!-- Generated by org.testng.reporters.JUnitReportReporter -->
<testsuite skipped="1" hostname="LAPTOP-UK7PKGHG" name="janTestng.TestNGSkipTc" tests="3" failures="0" timestamp="15 Mar 2020 05:49:58 GMT" time="0.024" errors="0">
  <testcase name="z" time="0.004" classname="janTestng.TestNGSkipTc"/>
  <testcase name="y" time="0.020" classname="janTestng.TestNGSkipTc"/>
  <testcase name="x" classname="janTestng.TestNGSkipTc">
    <skipped/>
  </testcase> <!-- x -->
</testsuite> <!-- janTestng.TestNGSkipTc -->
