<?xml version="1.0" encoding="UTF-8"?>
<!-- Generated by org.testng.reporters.JUnitReportReporter -->
<testsuite hostname="LAPTOP-UK7PKGHG" name="testNG.day4" tests="3" failures="0" timestamp="14 Mar 2020 10:52:49 GMT" time="0.003" errors="0">
  <testcase name="WebLoginHomeLoan" time="0.001" classname="testNG.day4"/>
  <testcase name="MobileLoginHomeLoan" time="0.001" classname="testNG.day4"/>
  <testcase name="APILoginHomeLoan" time="0.001" classname="testNG.day4"/>
</testsuite>
