<?xml version="1.0" encoding="UTF-8"?>
<!-- Generated by org.testng.reporters.JUnitReportReporter -->
<testsuite skipped="0" hostname="LAPTOP-UK7PKGHG" name="janTestng.TestNGAnno3Group" tests="2" failures="0" timestamp="15 Mar 2020 05:38:18 GMT" time="0.028" errors="0">
  <testcase name="TestCase2" time="0.007" classname="janTestng.TestNGAnno3Group"/>
  <testcase name="TestCase1" time="0.021" classname="janTestng.TestNGAnno3Group"/>
</testsuite> <!-- janTestng.TestNGAnno3Group -->
