<?xml version="1.0" encoding="UTF-8"?>
<!-- Generated by org.testng.reporters.JUnitReportReporter -->
<testsuite hostname="LAPTOP-UK7PKGHG" name="testNG.day2" tests="1" failures="0" timestamp="14 Mar 2020 10:52:49 GMT" time="0.001" errors="0">
  <testcase name="GOOD" time="0.001" classname="testNG.day2"/>
</testsuite>
