<?xml version="1.0" encoding="UTF-8"?>
<!-- Generated by org.testng.reporters.JUnitReportReporter -->
<testsuite skipped="0" hostname="LAPTOP-UK7PKGHG" name="pckForTestng.TestNGOne2" tests="3" failures="0" timestamp="15 Mar 2020 06:27:31 GMT" time="0.028" errors="0">
  <testcase name="z" time="0.002" classname="pckForTestng.TestNGOne2"/>
  <testcase name="y" time="0.004" classname="pckForTestng.TestNGOne2"/>
  <testcase name="x" time="0.022" classname="pckForTestng.TestNGOne2"/>
</testsuite> <!-- pckForTestng.TestNGOne2 -->
