<?xml version="1.0" encoding="UTF-8"?>
<!-- Generated by org.testng.reporters.JUnitReportReporter -->
<testsuite skipped="0" hostname="LAPTOP-UK7PKGHG" name="testNG.IncludeExclude" tests="3" failures="0" timestamp="14 Mar 2020 15:34:35 GMT" time="0.010" errors="0">
  <testcase name="test2" time="0.001" classname="testNG.IncludeExclude"/>
  <testcase name="test1" time="0.008" classname="testNG.IncludeExclude"/>
  <testcase name="test4" time="0.001" classname="testNG.IncludeExclude"/>
</testsuite> <!-- testNG.IncludeExclude -->
