<?xml version="1.0" encoding="UTF-8"?>
<!-- Generated by org.testng.reporters.JUnitReportReporter -->
<testsuite skipped="0" hostname="LAPTOP-UK7PKGHG" name="janTestng.TestNGNoPriParag" tests="3" failures="0" timestamp="15 Mar 2020 05:12:05 GMT" time="0.021" errors="0">
  <testcase name="x2" time="0.003" classname="janTestng.TestNGNoPriParag"/>
  <testcase name="x1" time="0.016" classname="janTestng.TestNGNoPriParag"/>
  <testcase name="x3" time="0.002" classname="janTestng.TestNGNoPriParag"/>
</testsuite> <!-- janTestng.TestNGNoPriParag -->
