<?xml version="1.0" encoding="UTF-8"?>
<!-- Generated by org.testng.reporters.JUnitReportReporter -->
<testsuite skipped="0" hostname="LAPTOP-UK7PKGHG" name="janTestng.TestNGDepend" tests="2" failures="0" timestamp="15 Mar 2020 06:38:07 GMT" time="21.676" errors="0">
  <testcase name="secondtestcase" time="0.002" classname="janTestng.TestNGDepend"/>
  <testcase name="logintc" time="21.674" classname="janTestng.TestNGDepend"/>
</testsuite> <!-- janTestng.TestNGDepend -->
