<?xml version="1.0" encoding="UTF-8"?>
<!-- Generated by org.testng.reporters.JUnitReportReporter -->
<testsuite skipped="0" hostname="LAPTOP-UK7PKGHG" name="janTestng.TestNGAnno2" tests="2" failures="0" timestamp="15 Mar 2020 05:34:30 GMT" time="0.026" errors="0">
  <testcase name="TestCase2" time="0.006" classname="janTestng.TestNGAnno2"/>
  <testcase name="TestCase1" time="0.020" classname="janTestng.TestNGAnno2"/>
</testsuite> <!-- janTestng.TestNGAnno2 -->
